#
# A fatal error has been detected by the Java Runtime Environment:
#
#  SIGSEGV (0xb) at pc=0x00000001228bb3fd, pid=99882, tid=1299
#
# JRE version: Java(TM) SE Runtime Environment (8.0_31-b13) (build 1.8.0_31-b13)
# Java VM: Java HotSpot(TM) 64-Bit Server VM (25.31-b07 mixed mode bsd-amd64 compressed oops)
# Problematic frame:
# C  [libglass.dylib+0x163fd]  GlassScreenDidChangeScreenParameters+0x9d
#
# Failed to write core dump. Core dumps have been disabled. To enable core dumping, try "ulimit -c unlimited" before starting Java again
#
# If you would like to submit a bug report, please visit:
#   http://bugreport.java.com/bugreport/crash.jsp
#

---------------  T H R E A D  ---------------

Current thread is native thread

siginfo: si_signo: 11 (SIGSEGV), si_code: 1 (SEGV_MAPERR), si_addr: 0x0000000000000000

Registers:
RAX=0x00000001228ede40, RBX=0x0000000000000000, RCX=0xe30071030af12245, RDX=0x00007f8fb3d83500
RSP=0x00007fff575a8850, RBP=0x00007fff575a8860, RSI=0x00007f8fb3e02cf0, RDI=0x0000000000000000
R8 =0x00007fff575a8700, R9 =0x00007fff7b478300, R10=0x0000000000000000, R11=0x0000000000000246
R12=0x00007f8fb3d24660, R13=0x00000000000f4268, R14=0x00007f8fb3c7c440, R15=0x00007fff575a89a0
RIP=0x00000001228bb3fd, EFLAGS=0x0000000000010206, ERR=0x0000000000000004
  TRAPNO=0x000000000000000e

Top of Stack: (sp=0x00007fff575a8850)
0x00007fff575a8850:   00007fff575a8a30 00007f8fb3c7c440
0x00007fff575a8860:   00007fff575a8870 00007fff92754cdc
0x00007fff575a8870:   00007fff575a8bd0 00007fff92646244
0x00007fff575a8880:   00007fff575a88d0 0000000000000000
0x00007fff575a8890:   00007fff7a8b4cf0 00007f8fb3c593c0
0x00007fff575a88a0:   0000000000001000 0000000000000270
0x00007fff575a88b0:   00007f8fb3c593c0 00007f8fb3c7c440
0x00007fff575a88c0:   0000000000000000 00007fff575a89a0
0x00007fff575a88d0:   0000000000000000 00007f8fb3c7c400
0x00007fff575a88e0:   00007fff575a8a20 000000000000001a
0x00007fff575a88f0:   00000000000f4288 00007f8fb3f3caa0
0x00007fff575a8900:   00007f8fb3d6fc20 00007f8fb3d24660
0x00007fff575a8910:   0000000000000001 00000000000f4268
0x00007fff575a8920:   00007f8fb3d24650 00007fff960e0acb
0x00007fff575a8930:   0000000000000001 0000000000000001
0x00007fff575a8940:   0000000000000030 0000000000000001
0x00007fff575a8950:   00007fff575a8970 00007fff960e6231
0x00007fff575a8960:   00007fff7a8b2dd0 0000000000000000
0x00007fff575a8970:   00007fff575a8990 0000000000000003
0x00007fff575a8980:   00003403960e053e 00007f8fb3d24684
0x00007fff575a8990:   0000000000000000 00007fff9263bd1f
0x00007fff575a89a0:   00007f8fb3c7c440 00007fff7a8b2dd0
0x00007fff575a89b0:   00007fff575a8a30 0000000000000001
0x00007fff575a89c0:   00007fff575a8a00 00007fff960e053e
0x00007fff575a89d0:   0000000108671a00 0000000000000002
0x00007fff575a89e0:   000000010866e000 00007f8fb3f3cb62
0x00007fff575a89f0:   0000000000000003 0000000108671a00
0x00007fff575a8a00:   00007fff575a8af0 00007fff960df2a2
0x00007fff575a8a10:   00007f8fb3c56300 00007fff575a8bd8
0x00007fff575a8a20:   0000000000000017 0000000000000000
0x00007fff575a8a30:   00000000000f4268 00007fff9263c013
0x00007fff575a8a40:   00007fff00000000 00007f8fb3c5ae00 

Instructions: (pc=0x00000001228bb3fd)
0x00000001228bb3dd:   89 df 4c 89 f1 41 ff 90 68 04 00 00 48 8d 05 58
0x00000001228bb3ed:   29 03 00 48 8b 30 48 8d 05 46 2a 03 00 48 8b 10
0x00000001228bb3fd:   48 8b 0b 30 c0 48 89 df ff 91 68 04 00 00 48 8b
0x00000001228bb40d:   03 48 89 df ff 50 78 48 85 c0 74 36 49 89 c6 48 

Register to memory mapping:

RAX=0x00000001228ede40: jScreenNotifySettingsChanged+0 in /Library/Java/JavaVirtualMachines/jdk1.8.0_31.jdk/Contents/Home/jre/lib/libglass.dylib at 0x00000001228a5000
RBX=0x0000000000000000 is an unknown value
RCX=0xe30071030af12245 is an unknown value
RDX=0x00007f8fb3d83500 is an unknown value
RSP=0x00007fff575a8850 is an unknown value
RBP=0x00007fff575a8860 is an unknown value
RSI=0x00007f8fb3e02cf0 is a global jni handle
RDI=0x0000000000000000 is an unknown value
R8 =0x00007fff575a8700 is an unknown value
R9 =0x00007fff7b478300: _thread+0 in /usr/lib/system/libsystem_pthread.dylib at 0x00007fff96d38000
R10=0x0000000000000000 is an unknown value
R11=0x0000000000000246 is an unknown value
R12=0x00007f8fb3d24660 is an unknown value
R13=0x00000000000f4268 is an unknown value
R14=0x00007f8fb3c7c440 is an unknown value
R15=0x00007fff575a89a0 is an unknown value


Stack: [0x00007fff56dac000,0x00007fff575ac000],  sp=0x00007fff575a8850,  free space=8178k
Native frames: (J=compiled Java code, j=interpreted, Vv=VM code, C=native code)
C  [libglass.dylib+0x163fd]  GlassScreenDidChangeScreenParameters+0x9d
C  [CoreFoundation+0x11ecdc]  __CFNOTIFICATIONCENTER_IS_CALLING_OUT_TO_AN_OBSERVER__+0xc
C  [CoreFoundation+0x10244]  _CFXNotificationPost+0xc44
C  [Foundation+0x2c31]  -[NSNotificationCenter postNotificationName:object:userInfo:]+0x42
C  [AppKit+0x36305e]  -[NSApplication _reactToScreenInvalidationImmediately:]+0x17b
C  [AppKit+0x362e9d]  __44-[NSApplication _reactToScreenInvalidation:]_block_invoke+0x4b
C  [CoreFoundation+0x8056c]  __CFRUNLOOP_IS_CALLING_OUT_TO_A_BLOCK__+0xc
C  [CoreFoundation+0x72675]  __CFRunLoopDoBlocks+0x155
C  [CoreFoundation+0x721b6]  __CFRunLoopRun+0x716
C  [CoreFoundation+0x71858]  CFRunLoopRunSpecific+0x128
C  [java+0x56cc]  CreateExecutionEnvironment+0x367
C  [java+0x165c]  JLI_Launch+0x7a0
C  [java+0x768a]  main+0x65
C  [java+0xeb4]  start+0x34


---------------  P R O C E S S  ---------------

VM state:at safepoint (normal execution)

VM Mutex/Monitor currently owned by a thread:  ([mutex/lock_event])
[0x00007f8fb3d01920] Threads_lock - owner thread: 0x00007f8fb403b800
[0x00007f8fb3d01e20] Heap_lock - owner thread: 0x00007f8fb5115000

Heap:
 PSYoungGen      total 38400K, used 12497K [0x0000000795580000, 0x0000000798000000, 0x00000007c0000000)
  eden space 33280K, 37% used [0x0000000795580000,0x00000007961b4718,0x0000000797600000)
  from space 5120K, 0% used [0x0000000797b00000,0x0000000797b00000,0x0000000798000000)
  to   space 5120K, 0% used [0x0000000797600000,0x0000000797600000,0x0000000797b00000)
 ParOldGen       total 87552K, used 0K [0x0000000740000000, 0x0000000745580000, 0x0000000795580000)
  object space 87552K, 0% used [0x0000000740000000,0x0000000740000000,0x0000000745580000)
 Metaspace       used 6385K, capacity 6758K, committed 7040K, reserved 1056768K
  class space    used 719K, capacity 792K, committed 896K, reserved 1048576K

engine.Card table byte_map: [0x00000001193c0000,0x00000001197c1000] byte_map_base: 0x00000001159c0000

Marking Bits: (ParMarkBitMap*) 0x0000000108ff0410
 Begin Bits: [0x0000000119e78000, 0x000000011be78000)
 End Bits:   [0x000000011be78000, 0x000000011de78000)

Polling page: 0x00000001097b6000

CodeCache: size=245760Kb used=1907Kb max_used=1907Kb free=243852Kb
 bounds [0x000000010a000000, 0x000000010a270000, 0x0000000119000000]
 total_blobs=785 nmethods=406 adapters=294
 compilation: enabled

Compilation events (10 events):
Event: 0.689 Thread 0x00007f8fb481d000  400       3       sun.invoke.util.VerifyAccess::getClassModifiers (24 bytes)
Event: 0.689 Thread 0x00007f8fb481d000 nmethod 400 0x000000010a1db350 code [0x000000010a1db4e0, 0x000000010a1db8d8]
Event: 0.693 Thread 0x00007f8fb481d000  402       3       java.lang.Thread::interrupted (8 bytes)
Event: 0.694 Thread 0x00007f8fb481d000 nmethod 402 0x000000010a1dbd50 code [0x000000010a1dbec0, 0x000000010a1dc048]
Event: 0.695 Thread 0x00007f8fb481d000  404       3       java.nio.Buffer::position (43 bytes)
Event: 0.695 Thread 0x00007f8fb481d000 nmethod 404 0x000000010a1dc490 code [0x000000010a1dc600, 0x000000010a1dc8a8]
Event: 0.695 Thread 0x00007f8fb481d000  405       3       java.nio.ByteBuffer::arrayOffset (35 bytes)
Event: 0.695 Thread 0x00007f8fb481d000 nmethod 405 0x000000010a1dc950 code [0x000000010a1dcae0, 0x000000010a1dcdd8]
Event: 0.695 Thread 0x00007f8fb481d000  406       3       java.nio.CharBuffer::arrayOffset (35 bytes)
Event: 0.696 Thread 0x00007f8fb481d000 nmethod 406 0x000000010a1dcf10 code [0x000000010a1dd0a0, 0x000000010a1dd398]

GC Heap History (0 events):
No events

Deoptimization events (0 events):
No events

Internal exceptions (10 events):
Event: 0.280 Thread 0x00007f8fb480a800 Exception <a 'java/lang/NoSuchFieldError': method resolution failed> (0x00000007959ff7e0) thrown at [/Users/java_re/workspace/8-2-build-macosx-x86_64/jdk8u31/2394/hotspot/src/share/vm/prims/methodHandles.cpp, line 1159]
Event: 0.294 Thread 0x00007f8fb480a800 Exception <a 'java/lang/NoSuchFieldError': method resolution failed> (0x0000000795a0e3f0) thrown at [/Users/java_re/workspace/8-2-build-macosx-x86_64/jdk8u31/2394/hotspot/src/share/vm/prims/methodHandles.cpp, line 1159]
Event: 0.296 Thread 0x00007f8fb480a800 Exception <a 'java/lang/NoSuchFieldError': method resolution failed> (0x0000000795a11550) thrown at [/Users/java_re/workspace/8-2-build-macosx-x86_64/jdk8u31/2394/hotspot/src/share/vm/prims/methodHandles.cpp, line 1159]
Event: 0.335 Thread 0x00007f8fb5896000 Exception <a 'java/security/PrivilegedActionException'> (0x0000000795ad5880) thrown at [/Users/java_re/workspace/8-2-build-macosx-x86_64/jdk8u31/2394/hotspot/src/share/vm/prims/jvm.cpp, line 1312]
Event: 0.335 Thread 0x00007f8fb5896000 Exception <a 'java/security/PrivilegedActionException'> (0x0000000795ad5a38) thrown at [/Users/java_re/workspace/8-2-build-macosx-x86_64/jdk8u31/2394/hotspot/src/share/vm/prims/jvm.cpp, line 1312]
Event: 0.336 Thread 0x00007f8fb5896000 Exception <a 'java/security/PrivilegedActionException'> (0x0000000795ad8c28) thrown at [/Users/java_re/workspace/8-2-build-macosx-x86_64/jdk8u31/2394/hotspot/src/share/vm/prims/jvm.cpp, line 1312]
Event: 0.336 Thread 0x00007f8fb5896000 Exception <a 'java/security/PrivilegedActionException'> (0x0000000795ad8de0) thrown at [/Users/java_re/workspace/8-2-build-macosx-x86_64/jdk8u31/2394/hotspot/src/share/vm/prims/jvm.cpp, line 1312]
Event: 0.336 Thread 0x00007f8fb5896000 Exception <a 'java/lang/NullPointerException'> (0x0000000795ada6f8) thrown at [/Users/java_re/workspace/8-2-build-macosx-x86_64/jdk8u31/2394/hotspot/src/share/vm/interpreter/linkResolver.cpp, line 1178]
Event: 0.686 Thread 0x00007f8fb4878000 Exception <a 'java/lang/reflect/InvocationTargetException'> (0x0000000795e4f518) thrown at [/Users/java_re/workspace/8-2-build-macosx-x86_64/jdk8u31/2394/hotspot/src/share/vm/runtime/reflection.cpp, line 1080]
Event: 0.694 Thread 0x00007f8fb480a800 Exception <a 'java/lang/reflect/InvocationTargetException'> (0x0000000795a50248) thrown at [/Users/java_re/workspace/8-2-build-macosx-x86_64/jdk8u31/2394/hotspot/src/share/vm/runtime/reflection.cpp, line 1080]

Events (10 events):
Event: 0.694 loading class java/lang/Throwable$WrappedPrintStream done
Event: 0.694 loading class java/util/IdentityHashMap$KeySet
Event: 0.694 loading class java/util/IdentityHashMap$KeySet done
Event: 0.695 Thread 0x00007f8fb480a800 Thread exited: 0x00007f8fb480a800
Event: 0.696 Thread 0x00007f8fb5115000 Thread added: 0x00007f8fb5115000
Event: 0.696 loading class java/util/IdentityHashMap$KeyIterator
Event: 0.696 loading class java/util/IdentityHashMap$IdentityHashMapIterator
Event: 0.696 loading class java/util/IdentityHashMap$IdentityHashMapIterator done
Event: 0.696 loading class java/util/IdentityHashMap$KeyIterator done
Event: 0.696 Thread 0x00007f8fb5115000 Thread exited: 0x00007f8fb5115000


Dynamic libraries:
0x000000000939d000 	/System/Library/Frameworks/Cocoa.framework/Versions/A/Cocoa
0x000000000939d000 	/System/Library/Frameworks/Security.framework/Versions/A/Security
0x000000000939d000 	/System/Library/Frameworks/ApplicationServices.framework/Versions/A/ApplicationServices
0x000000000939d000 	/usr/lib/libz.1.dylib
0x000000000939d000 	/usr/lib/libSystem.B.dylib
0x000000000939d000 	/usr/lib/libobjc.A.dylib
0x000000000939d000 	/System/Library/Frameworks/CoreFoundation.framework/Versions/A/CoreFoundation
0x000000000939d000 	/System/Library/Frameworks/Foundation.framework/Versions/C/Foundation
0x000000000939d000 	/System/Library/Frameworks/AppKit.framework/Versions/C/AppKit
0x000000000939d000 	/System/Library/Frameworks/CoreData.framework/Versions/A/CoreData
0x000000000939d000 	/System/Library/PrivateFrameworks/RemoteViewServices.framework/Versions/A/RemoteViewServices
0x000000000939d000 	/System/Library/PrivateFrameworks/UIFoundation.framework/Versions/A/UIFoundation
0x000000000939d000 	/System/Library/Frameworks/IOSurface.framework/Versions/A/IOSurface
0x000000000939d000 	/System/Library/Frameworks/AudioToolbox.framework/Versions/A/AudioToolbox
0x000000000939d000 	/System/Library/Frameworks/AudioUnit.framework/Versions/A/AudioUnit
0x000000000939d000 	/System/Library/PrivateFrameworks/DataDetectorsCore.framework/Versions/A/DataDetectorsCore
0x000000000939d000 	/System/Library/PrivateFrameworks/DesktopServicesPriv.framework/Versions/A/DesktopServicesPriv
0x000000000939d000 	/System/Library/Frameworks/Carbon.framework/Versions/A/Frameworks/HIToolbox.framework/Versions/A/HIToolbox
0x000000000939d000 	/System/Library/Frameworks/QuartzCore.framework/Versions/A/QuartzCore
0x000000000939d000 	/System/Library/Frameworks/Carbon.framework/Versions/A/Frameworks/SpeechRecognition.framework/Versions/A/SpeechRecognition
0x000000000939d000 	/usr/lib/libauto.dylib
0x000000000939d000 	/usr/lib/libicucore.A.dylib
0x000000000939d000 	/usr/lib/libxml2.2.dylib
0x000000000939d000 	/System/Library/PrivateFrameworks/CoreUI.framework/Versions/A/CoreUI
0x000000000939d000 	/System/Library/Frameworks/CoreAudio.framework/Versions/A/CoreAudio
0x000000000939d000 	/System/Library/Frameworks/DiskArbitration.framework/Versions/A/DiskArbitration
0x000000000939d000 	/usr/lib/liblangid.dylib
0x000000000939d000 	/System/Library/PrivateFrameworks/MultitouchSupport.framework/Versions/A/MultitouchSupport
0x000000000939d000 	/System/Library/Frameworks/IOKit.framework/Versions/A/IOKit
0x000000000939d000 	/usr/lib/libDiagnosticMessagesClient.dylib
0x000000000939d000 	/System/Library/Frameworks/CoreServices.framework/Versions/A/CoreServices
0x000000000939d000 	/System/Library/PrivateFrameworks/PerformanceAnalysis.framework/Versions/A/PerformanceAnalysis
0x000000000939d000 	/System/Library/PrivateFrameworks/GenerationalStorage.framework/Versions/A/GenerationalStorage
0x000000000939d000 	/System/Library/Frameworks/OpenGL.framework/Versions/A/OpenGL
0x000000000939d000 	/System/Library/PrivateFrameworks/Sharing.framework/Versions/A/Sharing
0x000000000939d000 	/System/Library/Frameworks/CoreGraphics.framework/Versions/A/CoreGraphics
0x000000000939d000 	/System/Library/Frameworks/CoreText.framework/Versions/A/CoreText
0x000000000939d000 	/System/Library/Frameworks/ImageIO.framework/Versions/A/ImageIO
0x000000000939d000 	/usr/lib/libextension.dylib
0x000000000939d000 	/System/Library/PrivateFrameworks/Backup.framework/Versions/A/Backup
0x000000000939d000 	/usr/lib/libarchive.2.dylib
0x000000000939d000 	/System/Library/Frameworks/CFNetwork.framework/Versions/A/CFNetwork
0x000000000939d000 	/System/Library/Frameworks/SystemConfiguration.framework/Versions/A/SystemConfiguration
0x000000000939d000 	/usr/lib/libCRFSuite.dylib
0x000000000939d000 	/usr/lib/libc++.1.dylib
0x000000000939d000 	/usr/lib/libc++abi.dylib
0x000000000939d000 	/usr/lib/system/libcache.dylib
0x000000000939d000 	/usr/lib/system/libcommonCrypto.dylib
0x000000000939d000 	/usr/lib/system/libcompiler_rt.dylib
0x000000000939d000 	/usr/lib/system/libcopyfile.dylib
0x000000000939d000 	/usr/lib/system/libcorecrypto.dylib
0x000000000939d000 	/usr/lib/system/libdispatch.dylib
0x000000000939d000 	/usr/lib/system/libdyld.dylib
0x000000000939d000 	/usr/lib/system/libkeymgr.dylib
0x000000000939d000 	/usr/lib/system/liblaunch.dylib
0x000000000939d000 	/usr/lib/system/libmacho.dylib
0x000000000939d000 	/usr/lib/system/libquarantine.dylib
0x000000000939d000 	/usr/lib/system/libremovefile.dylib
0x000000000939d000 	/usr/lib/system/libsystem_asl.dylib
0x000000000939d000 	/usr/lib/system/libsystem_blocks.dylib
0x000000000939d000 	/usr/lib/system/libsystem_c.dylib
0x000000000939d000 	/usr/lib/system/libsystem_configuration.dylib
0x000000000939d000 	/usr/lib/system/libsystem_coreservices.dylib
0x000000000939d000 	/usr/lib/system/libsystem_coretls.dylib
0x000000000939d000 	/usr/lib/system/libsystem_dnssd.dylib
0x000000000939d000 	/usr/lib/system/libsystem_info.dylib
0x000000000939d000 	/usr/lib/system/libsystem_kernel.dylib
0x000000000939d000 	/usr/lib/system/libsystem_m.dylib
0x000000000939d000 	/usr/lib/system/libsystem_malloc.dylib
0x000000000939d000 	/usr/lib/system/libsystem_network.dylib
0x000000000939d000 	/usr/lib/system/libsystem_networkextension.dylib
0x000000000939d000 	/usr/lib/system/libsystem_notify.dylib
0x000000000939d000 	/usr/lib/system/libsystem_platform.dylib
0x000000000939d000 	/usr/lib/system/libsystem_pthread.dylib
0x000000000939d000 	/usr/lib/system/libsystem_sandbox.dylib
0x000000000939d000 	/usr/lib/system/libsystem_secinit.dylib
0x000000000939d000 	/usr/lib/system/libsystem_stats.dylib
0x000000000939d000 	/usr/lib/system/libsystem_trace.dylib
0x000000000939d000 	/usr/lib/system/libunc.dylib
0x000000000939d000 	/usr/lib/system/libunwind.dylib
0x000000000939d000 	/usr/lib/system/libxpc.dylib
0x000000000939d000 	/usr/lib/libbz2.1.0.dylib
0x000000000939d000 	/usr/lib/liblzma.5.dylib
0x000000000939d000 	/usr/lib/libbsm.0.dylib
0x000000000939d000 	/usr/lib/libsqlite3.dylib
0x000000000939d000 	/usr/lib/system/libkxld.dylib
0x000000000939d000 	/usr/lib/libxar.1.dylib
0x000000000939d000 	/usr/lib/libpam.2.dylib
0x000000000939d000 	/usr/lib/libOpenScriptingUtil.dylib
0x000000000939d000 	/System/Library/Frameworks/CoreServices.framework/Versions/A/Frameworks/FSEvents.framework/Versions/A/FSEvents
0x000000000939d000 	/System/Library/Frameworks/CoreServices.framework/Versions/A/Frameworks/CarbonCore.framework/Versions/A/CarbonCore
0x000000000939d000 	/System/Library/Frameworks/CoreServices.framework/Versions/A/Frameworks/Metadata.framework/Versions/A/Metadata
0x000000000939d000 	/System/Library/Frameworks/CoreServices.framework/Versions/A/Frameworks/OSServices.framework/Versions/A/OSServices
0x000000000939d000 	/System/Library/Frameworks/CoreServices.framework/Versions/A/Frameworks/SearchKit.framework/Versions/A/SearchKit
0x000000000939d000 	/System/Library/Frameworks/CoreServices.framework/Versions/A/Frameworks/AE.framework/Versions/A/AE
0x000000000939d000 	/System/Library/Frameworks/CoreServices.framework/Versions/A/Frameworks/LaunchServices.framework/Versions/A/LaunchServices
0x000000000939d000 	/System/Library/Frameworks/CoreServices.framework/Versions/A/Frameworks/DictionaryServices.framework/Versions/A/DictionaryServices
0x000000000939d000 	/System/Library/Frameworks/NetFS.framework/Versions/A/NetFS
0x000000000939d000 	/System/Library/PrivateFrameworks/NetAuth.framework/Versions/A/NetAuth
0x000000000939d000 	/System/Library/PrivateFrameworks/login.framework/Versions/A/Frameworks/loginsupport.framework/Versions/A/loginsupport
0x000000000939d000 	/System/Library/PrivateFrameworks/TCC.framework/Versions/A/TCC
0x000000000939d000 	/usr/lib/libmecabra.dylib
0x000000000939d000 	/System/Library/Frameworks/ApplicationServices.framework/Versions/A/Frameworks/ATS.framework/Versions/A/ATS
0x000000000939d000 	/System/Library/Frameworks/ApplicationServices.framework/Versions/A/Frameworks/ColorSync.framework/Versions/A/ColorSync
0x000000000939d000 	/System/Library/Frameworks/ApplicationServices.framework/Versions/A/Frameworks/HIServices.framework/Versions/A/HIServices
0x000000000939d000 	/System/Library/Frameworks/ApplicationServices.framework/Versions/A/Frameworks/LangAnalysis.framework/Versions/A/LangAnalysis
0x000000000939d000 	/System/Library/Frameworks/ApplicationServices.framework/Versions/A/Frameworks/PrintCore.framework/Versions/A/PrintCore
0x000000000939d000 	/System/Library/Frameworks/ApplicationServices.framework/Versions/A/Frameworks/QD.framework/Versions/A/QD
0x000000000939d000 	/System/Library/Frameworks/ApplicationServices.framework/Versions/A/Frameworks/SpeechSynthesis.framework/Versions/A/SpeechSynthesis
0x000000000939d000 	/System/Library/Frameworks/Accelerate.framework/Versions/A/Accelerate
0x000000000939d000 	/System/Library/Frameworks/Accelerate.framework/Versions/A/Frameworks/vImage.framework/Versions/A/vImage
0x000000000939d000 	/System/Library/Frameworks/Accelerate.framework/Versions/A/Frameworks/vecLib.framework/Versions/A/vecLib
0x000000000939d000 	/System/Library/Frameworks/Accelerate.framework/Versions/A/Frameworks/vecLib.framework/Versions/A/libvDSP.dylib
0x000000000939d000 	/System/Library/Frameworks/Accelerate.framework/Versions/A/Frameworks/vecLib.framework/Versions/A/libvMisc.dylib
0x000000000939d000 	/System/Library/Frameworks/Accelerate.framework/Versions/A/Frameworks/vecLib.framework/Versions/A/libLAPACK.dylib
0x000000000939d000 	/System/Library/Frameworks/Accelerate.framework/Versions/A/Frameworks/vecLib.framework/Versions/A/libBLAS.dylib
0x000000000939d000 	/System/Library/Frameworks/Accelerate.framework/Versions/A/Frameworks/vecLib.framework/Versions/A/libLinearAlgebra.dylib
0x000000000939d000 	/System/Library/Frameworks/ApplicationServices.framework/Versions/A/Frameworks/ATS.framework/Versions/A/Resources/libFontParser.dylib
0x000000000939d000 	/System/Library/Frameworks/ApplicationServices.framework/Versions/A/Frameworks/ATS.framework/Versions/A/Resources/libFontRegistry.dylib
0x000000000939d000 	/System/Library/PrivateFrameworks/AppleVPA.framework/Versions/A/AppleVPA
0x000000000939d000 	/System/Library/PrivateFrameworks/AppleJPEG.framework/Versions/A/AppleJPEG
0x000000000939d000 	/System/Library/Frameworks/ImageIO.framework/Versions/A/Resources/libJPEG.dylib
0x000000000939d000 	/System/Library/Frameworks/ImageIO.framework/Versions/A/Resources/libTIFF.dylib
0x000000000939d000 	/System/Library/Frameworks/ImageIO.framework/Versions/A/Resources/libPng.dylib
0x000000000939d000 	/System/Library/Frameworks/ImageIO.framework/Versions/A/Resources/libGIF.dylib
0x000000000939d000 	/System/Library/Frameworks/ImageIO.framework/Versions/A/Resources/libJP2.dylib
0x000000000939d000 	/System/Library/Frameworks/ImageIO.framework/Versions/A/Resources/libRadiance.dylib
0x000000000939d000 	/System/Library/Frameworks/CoreVideo.framework/Versions/A/CoreVideo
0x000000000939d000 	/System/Library/Frameworks/OpenGL.framework/Versions/A/Libraries/libGLU.dylib
0x000000000939d000 	/System/Library/Frameworks/OpenGL.framework/Versions/A/Libraries/libGFXShared.dylib
0x000000000939d000 	/System/Library/Frameworks/OpenGL.framework/Versions/A/Libraries/libGL.dylib
0x000000000939d000 	/System/Library/Frameworks/OpenGL.framework/Versions/A/Libraries/libGLImage.dylib
0x000000000939d000 	/System/Library/Frameworks/OpenGL.framework/Versions/A/Libraries/libCVMSPluginSupport.dylib
0x000000000939d000 	/System/Library/Frameworks/OpenGL.framework/Versions/A/Libraries/libCoreVMClient.dylib
0x000000000939d000 	/usr/lib/libcups.2.dylib
0x000000000939d000 	/System/Library/Frameworks/Kerberos.framework/Versions/A/Kerberos
0x000000000939d000 	/System/Library/Frameworks/GSS.framework/Versions/A/GSS
0x000000000939d000 	/usr/lib/libresolv.9.dylib
0x000000000939d000 	/usr/lib/libiconv.2.dylib
0x000000000939d000 	/System/Library/PrivateFrameworks/Heimdal.framework/Versions/A/Heimdal
0x000000000939d000 	/usr/lib/libheimdal-asn1.dylib
0x000000000939d000 	/System/Library/Frameworks/OpenDirectory.framework/Versions/A/OpenDirectory
0x000000000939d000 	/System/Library/PrivateFrameworks/CommonAuth.framework/Versions/A/CommonAuth
0x000000000939d000 	/System/Library/Frameworks/OpenDirectory.framework/Versions/A/Frameworks/CFOpenDirectory.framework/Versions/A/CFOpenDirectory
0x000000000939d000 	/System/Library/Frameworks/SecurityFoundation.framework/Versions/A/SecurityFoundation
0x000000000939d000 	/System/Library/PrivateFrameworks/LanguageModeling.framework/Versions/A/LanguageModeling
0x000000000939d000 	/usr/lib/libcmph.dylib
0x000000000939d000 	/System/Library/Frameworks/ServiceManagement.framework/Versions/A/ServiceManagement
0x000000000939d000 	/usr/lib/libxslt.1.dylib
0x000000000939d000 	/System/Library/Frameworks/Carbon.framework/Versions/A/Frameworks/Ink.framework/Versions/A/Ink
0x000000000939d000 	/System/Library/Frameworks/QuartzCore.framework/Versions/A/Frameworks/CoreImage.framework/Versions/A/CoreImage
0x000000000939d000 	/System/Library/PrivateFrameworks/CrashReporterSupport.framework/Versions/A/CrashReporterSupport
0x000000000939d000 	/System/Library/Frameworks/OpenCL.framework/Versions/A/OpenCL
0x000000000939d000 	/System/Library/PrivateFrameworks/FaceCore.framework/Versions/A/FaceCore
0x000000000939d000 	/System/Library/PrivateFrameworks/Ubiquity.framework/Versions/A/Ubiquity
0x000000000939d000 	/System/Library/PrivateFrameworks/IconServices.framework/Versions/A/IconServices
0x000000000939d000 	/System/Library/PrivateFrameworks/ChunkingLibrary.framework/Versions/A/ChunkingLibrary
0x000000000939d000 	/System/Library/PrivateFrameworks/Apple80211.framework/Versions/A/Apple80211
0x000000000939d000 	/System/Library/Frameworks/CoreWLAN.framework/Versions/A/CoreWLAN
0x000000000939d000 	/System/Library/Frameworks/IOBluetooth.framework/Versions/A/IOBluetooth
0x000000000939d000 	/System/Library/PrivateFrameworks/CoreWiFi.framework/Versions/A/CoreWiFi
0x000000000939d000 	/System/Library/Frameworks/CoreBluetooth.framework/Versions/A/CoreBluetooth
0x000000000939d000 	/System/Library/PrivateFrameworks/DebugSymbols.framework/Versions/A/DebugSymbols
0x000000000939d000 	/System/Library/PrivateFrameworks/CoreSymbolication.framework/Versions/A/CoreSymbolication
0x000000000939d000 	/System/Library/PrivateFrameworks/Symbolication.framework/Versions/A/Symbolication
0x000000000939d000 	/System/Library/PrivateFrameworks/SpeechRecognitionCore.framework/Versions/A/SpeechRecognitionCore
0x0000000108752000 	/Library/Java/JavaVirtualMachines/jdk1.8.0_31.jdk/Contents/Home/jre/lib/server/libjvm.dylib
0x000000000939d000 	/usr/lib/libstdc++.6.dylib
0x0000000109774000 	/Library/Java/JavaVirtualMachines/jdk1.8.0_31.jdk/Contents/Home/jre/lib/libverify.dylib
0x0000000109782000 	/Library/Java/JavaVirtualMachines/jdk1.8.0_31.jdk/Contents/Home/jre/lib/libjava.dylib
0x00000001097d7000 	/Library/Java/JavaVirtualMachines/jdk1.8.0_31.jdk/Contents/Home/jre/lib/libzip.dylib
0x00000001097e1000 	/System/Library/Frameworks/JavaVM.framework/Frameworks/JavaRuntimeSupport.framework/JavaRuntimeSupport
0x0000000120075000 	/System/Library/Frameworks/JavaVM.framework/Versions/A/Frameworks/JavaNativeFoundation.framework/Versions/A/JavaNativeFoundation
0x000000012008a000 	/System/Library/Frameworks/JavaVM.framework/Versions/A/JavaVM
0x000000000939d000 	/System/Library/Frameworks/Carbon.framework/Versions/A/Carbon
0x0000000120097000 	/System/Library/PrivateFrameworks/JavaLaunching.framework/Versions/A/JavaLaunching
0x000000000939d000 	/System/Library/Frameworks/Carbon.framework/Versions/A/Frameworks/CommonPanels.framework/Versions/A/CommonPanels
0x000000000939d000 	/System/Library/Frameworks/Carbon.framework/Versions/A/Frameworks/Help.framework/Versions/A/Help
0x000000000939d000 	/System/Library/Frameworks/Carbon.framework/Versions/A/Frameworks/ImageCapture.framework/Versions/A/ImageCapture
0x000000000939d000 	/System/Library/Frameworks/Carbon.framework/Versions/A/Frameworks/OpenScripting.framework/Versions/A/OpenScripting
0x000000000939d000 	/System/Library/Frameworks/Carbon.framework/Versions/A/Frameworks/Print.framework/Versions/A/Print
0x000000000939d000 	/System/Library/Frameworks/Carbon.framework/Versions/A/Frameworks/SecurityHI.framework/Versions/A/SecurityHI
0x0000000121f7f000 	/Applications/IntelliJ IDEA 14.app/Contents/bin/libbreakgen64.jnilib
0x0000000122111000 	/Library/Java/JavaVirtualMachines/jdk1.8.0_31.jdk/Contents/Home/jre/lib/libnet.dylib
0x0000000122376000 	/Library/Java/JavaVirtualMachines/jdk1.8.0_31.jdk/Contents/Home/jre/lib/libprism_es2.dylib
0x000000000939d000 	/System/Library/Frameworks/OpenGL.framework/Versions/A/Resources/GLEngine.bundle/GLEngine
0x000000000939d000 	/System/Library/Frameworks/OpenGL.framework/Versions/A/Libraries/libGLProgrammability.dylib
0x0000000000000000 	/System/Library/Extensions/AppleIntelHD4000GraphicsGLDriver.bundle/Contents/MacOS/AppleIntelHD4000GraphicsGLDriver
0x000000000939d000 	/System/Library/PrivateFrameworks/IOAccelerator.framework/Versions/A/IOAccelerator
0x000000000939d000 	/System/Library/PrivateFrameworks/GPUSupport.framework/Versions/A/Libraries/libGPUSupportMercury.dylib
0x000000000939d000 	/System/Library/Frameworks/OpenGL.framework/Versions/A/Resources/GLRendererFloat.bundle/GLRendererFloat
0x000000000939d000 	/System/Library/Frameworks/OpenCL.framework/Versions/A/Libraries/libcldcpuengine.dylib
0x000000000939d000 	/System/Library/PrivateFrameworks/DiskImages.framework/Versions/A/DiskImages
0x000000000939d000 	/System/Library/Frameworks/DiscRecording.framework/Versions/A/DiscRecording
0x000000000939d000 	/usr/lib/libcsfde.dylib
0x000000000939d000 	/usr/lib/libcurl.4.dylib
0x000000000939d000 	/System/Library/PrivateFrameworks/MediaKit.framework/Versions/A/MediaKit
0x000000000939d000 	/System/Library/PrivateFrameworks/ProtectedCloudStorage.framework/Versions/A/ProtectedCloudStorage
0x000000000939d000 	/usr/lib/libCoreStorage.dylib
0x000000000939d000 	/System/Library/PrivateFrameworks/EFILogin.framework/Versions/A/EFILogin
0x000000000939d000 	/usr/lib/libutil.dylib
0x000000000939d000 	/System/Library/PrivateFrameworks/FindMyDevice.framework/Versions/A/FindMyDevice
0x000000000939d000 	/System/Library/Frameworks/LDAP.framework/Versions/A/LDAP
0x000000000939d000 	/usr/lib/libsasl2.2.dylib
0x000000000939d000 	/System/Library/PrivateFrameworks/CoreDaemon.framework/Versions/B/CoreDaemon
0x000000000939d000 	/usr/lib/libcrypto.0.9.8.dylib
0x000000000939d000 	/System/Library/PrivateFrameworks/AppleSRP.framework/Versions/A/AppleSRP
0x000000000939d000 	/System/Library/PrivateFrameworks/TrustEvaluationAgent.framework/Versions/A/TrustEvaluationAgent
0x00000001228a5000 	/Library/Java/JavaVirtualMachines/jdk1.8.0_31.jdk/Contents/Home/jre/lib/libglass.dylib
0x000000000939d000 	/System/Library/PrivateFrameworks/CoreServicesInternal.framework/Versions/A/CoreServicesInternal
0x000000000939d000 	/System/Library/PrivateFrameworks/CloudDocs.framework/Versions/A/CloudDocs
0x000000000939d000 	/System/Library/PrivateFrameworks/CoreDuet.framework/Versions/A/CoreDuet
0x000000000939d000 	/System/Library/Frameworks/CloudKit.framework/Versions/A/CloudKit
0x000000000939d000 	/System/Library/PrivateFrameworks/ProtocolBuffer.framework/Versions/A/ProtocolBuffer
0x000000000939d000 	/System/Library/PrivateFrameworks/CoreDuetDaemonProtocol.framework/Versions/A/CoreDuetDaemonProtocol
0x000000000939d000 	/System/Library/PrivateFrameworks/CoreDuetDebugLogging.framework/Versions/A/CoreDuetDebugLogging
0x000000000939d000 	/System/Library/Frameworks/CoreLocation.framework/Versions/A/CoreLocation
0x000000000939d000 	/System/Library/Frameworks/Accounts.framework/Versions/A/Accounts
0x000000000939d000 	/System/Library/PrivateFrameworks/ApplePushService.framework/Versions/A/ApplePushService
0x000000000939d000 	/System/Library/PrivateFrameworks/GeoServices.framework/Versions/A/GeoServices
0x000000000939d000 	/System/Library/PrivateFrameworks/OAuth.framework/Versions/A/OAuth
0x000000000939d000 	/System/Library/Frameworks/CoreGraphics.framework/Versions/A/Resources/libCGCMS.A.dylib
0x000000000939d000 	/System/Library/CoreServices/RawCamera.bundle/Contents/MacOS/RawCamera
0x000000000939d000 	/System/Library/Frameworks/CoreGraphics.framework/Versions/A/Resources/libRIP.A.dylib
0x000000000939d000 	/System/Library/PrivateFrameworks/FamilyControls.framework/Versions/A/FamilyControls
0x000000000939d000 	/System/Library/PrivateFrameworks/CommerceKit.framework/Versions/A/Frameworks/CommerceCore.framework/Versions/A/CommerceCore
0x000000000939d000 	/System/Library/PrivateFrameworks/SystemAdministration.framework/Versions/A/SystemAdministration
0x000000000939d000 	/System/Library/PrivateFrameworks/AppContainer.framework/Versions/A/AppContainer
0x000000000939d000 	/System/Library/PrivateFrameworks/SecCodeWrapper.framework/Versions/A/SecCodeWrapper
0x000000000939d000 	/System/Library/Frameworks/DirectoryService.framework/Versions/A/DirectoryService
0x000000000939d000 	/System/Library/PrivateFrameworks/LoginUIKit.framework/Versions/A/Frameworks/LoginUICore.framework/Versions/A/LoginUICore
0x000000000939d000 	/usr/lib/libodfde.dylib

VM Arguments:
jvm_args: -Didea.launcher.port=7536 -Didea.launcher.bin.path=/Applications/IntelliJ IDEA 14.app/Contents/bin -Dfile.encoding=UTF-8 
java_command: com.intellij.rt.execution.application.AppMain BorderPaneClue
java_class_path (initial): /Library/Java/JavaVirtualMachines/jdk1.8.0_31.jdk/Contents/Home/lib/ant-javafx.jar:/Library/Java/JavaVirtualMachines/jdk1.8.0_31.jdk/Contents/Home/lib/dt.jar:/Library/Java/JavaVirtualMachines/jdk1.8.0_31.jdk/Contents/Home/lib/javafx-mx.jar:/Library/Java/JavaVirtualMachines/jdk1.8.0_31.jdk/Contents/Home/lib/jconsole.jar:/Library/Java/JavaVirtualMachines/jdk1.8.0_31.jdk/Contents/Home/lib/sa-jdi.jar:/Library/Java/JavaVirtualMachines/jdk1.8.0_31.jdk/Contents/Home/lib/tools.jar:/Library/Java/JavaVirtualMachines/jdk1.8.0_31.jdk/Contents/Home/jre/lib/charsets.jar:/Library/Java/JavaVirtualMachines/jdk1.8.0_31.jdk/Contents/Home/jre/lib/deploy.jar:/Library/Java/JavaVirtualMachines/jdk1.8.0_31.jdk/Contents/Home/jre/lib/javaws.jar:/Library/Java/JavaVirtualMachines/jdk1.8.0_31.jdk/Contents/Home/jre/lib/jce.jar:/Library/Java/JavaVirtualMachines/jdk1.8.0_31.jdk/Contents/Home/jre/lib/jfr.jar:/Library/Java/JavaVirtualMachines/jdk1.8.0_31.jdk/Contents/Home/jre/lib/jfxswt.jar:/Library/Java/JavaVirtualMachines/jdk1.8.0_31.jdk/Contents/Home/jre/lib/jsse.jar:/Library/Java/JavaVirtualMachines/jdk1.8.0_31.jdk/Contents/Home/jre/lib/management-agent.jar:/Library/Java/JavaVirtualMachines/jdk1.8.0_31.jdk/Contents/Home/jre/lib/plugin.jar:/Library/Java/JavaVirtualMachines/jdk1.8.0_31.jdk/Contents/Home/jre/lib/resources.jar:/Library/Java/JavaVirtualMachines/jdk1.8.0_31.jdk/Contents/Home/jre/lib/rt.jar:/Library/Java/JavaVirtualMachines/jdk1.8.0_31.jdk/Contents/Home/jre/lib/ext/cldrdata.jar:/Library/Java/JavaVirtualMachines/jdk1.8.0_31.jdk/Contents/Home/jre/lib/ext/dnsns.jar:/Library/Java/JavaVirtualMachines/jdk1.8.0_31.jdk/Contents/Home/jre/lib/ext/jfxrt.jar:/Library/Java/JavaVirtualMachines/jdk1.8.0_31.jdk/Contents/Home/jre/lib/ext/localedata.jar:/Library/Java/JavaVirtualMachines/jdk1.8.0_31.jdk/Contents/Home/jre/lib/ext/nashorn.jar:/Library/Java/JavaVirtualMachines/jdk1.8.0_31.jdk/Contents/Home/jre/lib/ext/sunec.jar:/Library/Java/JavaVirtualMachines/jdk1.8.0_31.jdk/C
Launcher Type: SUN_STANDARD

Environment Variables:
PATH=/Users/Stephanie/google-cloud-sdk/bin:/Library/Frameworks/Python.framework/Versions/3.4/bin:/usr/local/heroku/bin:/Library/Frameworks/Python.framework/Versions/3.4/bin:/opt/local/bin:/opt/local/sbin:/Library/Frameworks/Python.framework/Versions/2.7/bin:/usr/local/bin:/usr/bin:/bin:/usr/sbin:/sbin:/opt/X11/bin:/usr/texbin
SHELL=/bin/bash
DISPLAY=/private/tmp/com.apple.launchd.WmKy9PNTXH/org.macosforge.xquartz:0

Signal Handlers:
SIGSEGV: [libjvm.dylib+0x57a0e7], sa_mask[0]=11111111011111110111111111111111, sa_flags=SA_ONSTACK|SA_RESTART|SA_SIGINFO
SIGBUS: [libjvm.dylib+0x57a0e7], sa_mask[0]=11111111011111110111111111111111, sa_flags=SA_RESTART|SA_SIGINFO
SIGFPE: [libjvm.dylib+0x45af24], sa_mask[0]=11111111011111110111111111111111, sa_flags=SA_RESTART|SA_SIGINFO
SIGPIPE: [libjvm.dylib+0x45af24], sa_mask[0]=11111111011111110111111111111111, sa_flags=SA_RESTART|SA_SIGINFO
SIGXFSZ: [libjvm.dylib+0x45af24], sa_mask[0]=11111111011111110111111111111111, sa_flags=SA_RESTART|SA_SIGINFO
SIGILL: [libjvm.dylib+0x45af24], sa_mask[0]=11111111011111110111111111111111, sa_flags=SA_RESTART|SA_SIGINFO
SIGUSR1: SIG_DFL, sa_mask[0]=00000000000000000000000000000000, sa_flags=none
SIGUSR2: [libjvm.dylib+0x45aa42], sa_mask[0]=00100000000000000000000000000000, sa_flags=SA_RESTART|SA_SIGINFO
SIGHUP: [libjvm.dylib+0x459015], sa_mask[0]=11111111011111110111111111111111, sa_flags=SA_RESTART|SA_SIGINFO
SIGINT: [libjvm.dylib+0x459015], sa_mask[0]=11111111011111110111111111111111, sa_flags=SA_RESTART|SA_SIGINFO
SIGTERM: [libjvm.dylib+0x459015], sa_mask[0]=11111111011111110111111111111111, sa_flags=SA_RESTART|SA_SIGINFO
SIGQUIT: [libjvm.dylib+0x459015], sa_mask[0]=11111111011111110111111111111111, sa_flags=SA_RESTART|SA_SIGINFO


---------------  S Y S T E M  ---------------

OS:Bsduname:Darwin 14.1.0 Darwin Kernel Version 14.1.0: Thu Feb 26 19:26:47 PST 2015; root:xnu-2782.10.73~1/RELEASE_X86_64 x86_64
rlimit: STACK 8192k, CORE 0k, NPROC 709, NOFILE 10240, AS infinity
load average:2.82 2.39 2.27

CPU:total 4 (2 cores per cpu, 2 threads per core) family 6 model 58 stepping 9, cmov, cx8, fxsr, mmx, sse, sse2, sse3, ssse3, sse4.1, sse4.2, popcnt, avx, aes, clmul, erms, ht, tsc, tscinvbit, tscinv

Memory: 4k page, physical 8388608k(1274140k free)

/proc/meminfo:


vm_info: Java HotSpot(TM) 64-Bit Server VM (25.31-b07) for bsd-amd64 JRE (1.8.0_31-b13), built on Dec 17 2014 20:45:36 by "java_re" with gcc 4.2.1 (Based on Apple Inc. build 5658) (LLVM build 2336.11.00)

time: Tue Apr 14 12:34:48 2015
elapsed time: 0 seconds (0d 0h 0m 0s)

