#
# A fatal error has been detected by the Java Runtime Environment:
#
#  SIGSEGV (0xb) at pc=0x0000000124b5e3fd, pid=99861, tid=1299
#
# JRE version: Java(TM) SE Runtime Environment (8.0_31-b13) (build 1.8.0_31-b13)
# Java VM: Java HotSpot(TM) 64-Bit Server VM (25.31-b07 mixed mode bsd-amd64 compressed oops)
# Problematic frame:
# C  [libglass.dylib+0x163fd]  GlassScreenDidChangeScreenParameters+0x9d
#
# Failed to write core dump. Core dumps have been disabled. To enable core dumping, try "ulimit -c unlimited" before starting Java again
#
# If you would like to submit a bug report, please visit:
#   http://bugreport.java.com/bugreport/crash.jsp
#

---------------  T H R E A D  ---------------

Current thread is native thread

siginfo: si_signo: 11 (SIGSEGV), si_code: 1 (SEGV_MAPERR), si_addr: 0x0000000000000000

Registers:
RAX=0x0000000124b90e40, RBX=0x0000000000000000, RCX=0xc700fde2be90ce03, RDX=0x00007fd7eae694b0
RSP=0x00007fff55305850, RBP=0x00007fff55305860, RSI=0x00007fd7ead06b00, RDI=0x0000000000000000
R8 =0x00007fff55305700, R9 =0x00007fff7b478300, R10=0x0000000000000000, R11=0x0000000000000246
R12=0x00007fd7eac1ea80, R13=0x00000000000f4268, R14=0x00007fd7ead61260, R15=0x00007fff553059a0
RIP=0x0000000124b5e3fd, EFLAGS=0x0000000000010202, ERR=0x0000000000000004
  TRAPNO=0x000000000000000e

Top of Stack: (sp=0x00007fff55305850)
0x00007fff55305850:   00007fff55305a30 00007fd7ead61260
0x00007fff55305860:   00007fff55305870 00007fff92754cdc
0x00007fff55305870:   00007fff55305bd0 00007fff92646244
0x00007fff55305880:   00007fff553058d0 0000000000001400
0x00007fff55305890:   00007fff7a8b4cf0 00007fd7eac52b10
0x00007fff553058a0:   0000000000001002 0000000000000270
0x00007fff553058b0:   00007fd7eac52b10 00007fd7ead61260
0x00007fff553058c0:   0000000000000000 00007fff553059a0
0x00007fff553058d0:   0000000000000000 00007fd7ead61220
0x00007fff553058e0:   00007fff55305a20 000000000000001a
0x00007fff553058f0:   00000000000f4288 00007fd7eac5e9c0
0x00007fff55305900:   00007fd7eaf36150 00007fd7eac1ea80
0x00007fff55305910:   0000000000000001 00000000000f4268
0x00007fff55305920:   00007fd7eac1ea70 00007fff960e0acb
0x00007fff55305930:   0000000000000001 0000000000000001
0x00007fff55305940:   0000000000000030 0000000000000001
0x00007fff55305950:   00007fff55305970 00007fff960e6231
0x00007fff55305960:   00007fff7a8b2dd0 0000000000000000
0x00007fff55305970:   00007fff55305990 0000000000000004
0x00007fff55305980:   00003403eae52af0 00007fd7eac1eaa4
0x00007fff55305990:   0000000000000000 00007fff9263bd1f
0x00007fff553059a0:   00007fd7ead61260 00007fff7a8b2dd0
0x00007fff553059b0:   00007fff55305a30 0000000000000001
0x00007fff553059c0:   00007fff55305a00 00007fff960e053e
0x00007fff553059d0:   000000010a914a00 0000000000000002
0x00007fff553059e0:   000000010a911000 00007fd7eac5ea02
0x00007fff553059f0:   0000000000000003 000000010a915e00
0x00007fff55305a00:   00007fff55305af0 00007fff960df2a2
0x00007fff55305a10:   00007fd7ead4c830 00007fff55305bd8
0x00007fff55305a20:   0000000000000017 0000000000000000
0x00007fff55305a30:   00000000000f4268 00007fff9263c013
0x00007fff55305a40:   00007fff00000000 00007fd7eaf3a6c0 

Instructions: (pc=0x0000000124b5e3fd)
0x0000000124b5e3dd:   89 df 4c 89 f1 41 ff 90 68 04 00 00 48 8d 05 58
0x0000000124b5e3ed:   29 03 00 48 8b 30 48 8d 05 46 2a 03 00 48 8b 10
0x0000000124b5e3fd:   48 8b 0b 30 c0 48 89 df ff 91 68 04 00 00 48 8b
0x0000000124b5e40d:   03 48 89 df ff 50 78 48 85 c0 74 36 49 89 c6 48 

Register to memory mapping:

RAX=0x0000000124b90e40: jScreenNotifySettingsChanged+0 in /Library/Java/JavaVirtualMachines/jdk1.8.0_31.jdk/Contents/Home/jre/lib/libglass.dylib at 0x0000000124b48000
RBX=0x0000000000000000 is an unknown value
RCX=0xc700fde2be90ce03 is an unknown value
RDX=0x00007fd7eae694b0 is an unknown value
RSP=0x00007fff55305850 is an unknown value
RBP=0x00007fff55305860 is an unknown value
RSI=0x00007fd7ead06b00 is a global jni handle
RDI=0x0000000000000000 is an unknown value
R8 =0x00007fff55305700 is an unknown value
R9 =0x00007fff7b478300: _thread+0 in /usr/lib/system/libsystem_pthread.dylib at 0x00007fff96d38000
R10=0x0000000000000000 is an unknown value
R11=0x0000000000000246 is an unknown value
R12=0x00007fd7eac1ea80 is an unknown value
R13=0x00000000000f4268 is an unknown value
R14=0x00007fd7ead61260 is an unknown value
R15=0x00007fff553059a0 is an unknown value


Stack: [0x00007fff54b09000,0x00007fff55309000],  sp=0x00007fff55305850,  free space=8178k
Native frames: (J=compiled Java code, j=interpreted, Vv=VM code, C=native code)
C  [libglass.dylib+0x163fd]  GlassScreenDidChangeScreenParameters+0x9d
C  [CoreFoundation+0x11ecdc]  __CFNOTIFICATIONCENTER_IS_CALLING_OUT_TO_AN_OBSERVER__+0xc
C  [CoreFoundation+0x10244]  _CFXNotificationPost+0xc44
C  [Foundation+0x2c31]  -[NSNotificationCenter postNotificationName:object:userInfo:]+0x42
C  [AppKit+0x36305e]  -[NSApplication _reactToScreenInvalidationImmediately:]+0x17b
C  [AppKit+0x362e9d]  __44-[NSApplication _reactToScreenInvalidation:]_block_invoke+0x4b
C  [CoreFoundation+0x8056c]  __CFRUNLOOP_IS_CALLING_OUT_TO_A_BLOCK__+0xc
C  [CoreFoundation+0x72675]  __CFRunLoopDoBlocks+0x155
C  [CoreFoundation+0x721b6]  __CFRunLoopRun+0x716
C  [CoreFoundation+0x71858]  CFRunLoopRunSpecific+0x128
C  [java+0x56cc]  CreateExecutionEnvironment+0x367
C  [java+0x165c]  JLI_Launch+0x7a0
C  [java+0x768a]  main+0x65
C  [java+0xeb4]  start+0x34


---------------  P R O C E S S  ---------------

VM state:at safepoint (normal execution)

VM Mutex/Monitor currently owned by a thread:  ([mutex/lock_event])
[0x00007fd7eaf02950] Threads_lock - owner thread: 0x00007fd7ec01e000
[0x00007fd7eaf02e50] Heap_lock - owner thread: 0x00007fd7eb104800

Heap:
 PSYoungGen      total 38400K, used 12497K [0x0000000795580000, 0x0000000798000000, 0x00000007c0000000)
  eden space 33280K, 37% used [0x0000000795580000,0x00000007961b4748,0x0000000797600000)
  from space 5120K, 0% used [0x0000000797b00000,0x0000000797b00000,0x0000000798000000)
  to   space 5120K, 0% used [0x0000000797600000,0x0000000797600000,0x0000000797b00000)
 ParOldGen       total 87552K, used 0K [0x0000000740000000, 0x0000000745580000, 0x0000000795580000)
  object space 87552K, 0% used [0x0000000740000000,0x0000000740000000,0x0000000745580000)
 Metaspace       used 6405K, capacity 6758K, committed 7040K, reserved 1056768K
  class space    used 719K, capacity 792K, committed 896K, reserved 1048576K

Card table byte_map: [0x000000011b648000,0x000000011ba49000] byte_map_base: 0x0000000117c48000

Marking Bits: (ParMarkBitMap*) 0x000000010bab1410
 Begin Bits: [0x000000011c100000, 0x000000011e100000)
 End Bits:   [0x000000011e100000, 0x0000000120100000)

Polling page: 0x000000010a9f9000

CodeCache: size=245760Kb used=1958Kb max_used=1964Kb free=243801Kb
 bounds [0x000000010c288000, 0x000000010c4f8000, 0x000000011b288000]
 total_blobs=803 nmethods=424 adapters=294
 compilation: enabled

Compilation events (10 events):
Event: 0.618 Thread 0x00007fd7eb030000  418       3       sun.invoke.util.VerifyAccess::getClassModifiers (24 bytes)
Event: 0.619 Thread 0x00007fd7eb030000 nmethod 418 0x000000010c470610 code [0x000000010c4707a0, 0x000000010c470b98]
Event: 0.620 Thread 0x00007fd7eb012800  419       4       java.util.concurrent.ConcurrentHashMap::tabAt (21 bytes)
Event: 0.621 Thread 0x00007fd7eb012800 nmethod 419 0x000000010c46ab50 code [0x000000010c46ac80, 0x000000010c46acd8]
Event: 0.623 Thread 0x00007fd7eb030000  421       3       java.lang.Thread::interrupted (8 bytes)
Event: 0.623 Thread 0x00007fd7eb030000 nmethod 421 0x000000010c473190 code [0x000000010c473300, 0x000000010c473488]
Event: 0.624 Thread 0x00007fd7eb030000  424       3       java.nio.ByteBuffer::arrayOffset (35 bytes)
Event: 0.625 Thread 0x00007fd7eb030000 nmethod 424 0x000000010c472bd0 code [0x000000010c472d60, 0x000000010c473058]
Event: 0.625 Thread 0x00007fd7eb030000  423       3       java.nio.Buffer::position (43 bytes)
Event: 0.625 Thread 0x00007fd7eb030000 nmethod 423 0x000000010c472710 code [0x000000010c472880, 0x000000010c472b28]

GC Heap History (0 events):
No events

Deoptimization events (0 events):
No events

Internal exceptions (10 events):
Event: 0.255 Thread 0x00007fd7eb806800 Exception <a 'java/lang/NoSuchFieldError': method resolution failed> (0x00000007959ff8e0) thrown at [/Users/java_re/workspace/8-2-build-macosx-x86_64/jdk8u31/2394/hotspot/src/share/vm/prims/methodHandles.cpp, line 1159]
Event: 0.260 Thread 0x00007fd7eb806800 Exception <a 'java/lang/NoSuchFieldError': method resolution failed> (0x0000000795a0e4f8) thrown at [/Users/java_re/workspace/8-2-build-macosx-x86_64/jdk8u31/2394/hotspot/src/share/vm/prims/methodHandles.cpp, line 1159]
Event: 0.262 Thread 0x00007fd7eb806800 Exception <a 'java/lang/NoSuchFieldError': method resolution failed> (0x0000000795a11658) thrown at [/Users/java_re/workspace/8-2-build-macosx-x86_64/jdk8u31/2394/hotspot/src/share/vm/prims/methodHandles.cpp, line 1159]
Event: 0.289 Thread 0x00007fd7eb104800 Exception <a 'java/security/PrivilegedActionException'> (0x0000000795ad58b0) thrown at [/Users/java_re/workspace/8-2-build-macosx-x86_64/jdk8u31/2394/hotspot/src/share/vm/prims/jvm.cpp, line 1312]
Event: 0.289 Thread 0x00007fd7eb104800 Exception <a 'java/security/PrivilegedActionException'> (0x0000000795ad5a68) thrown at [/Users/java_re/workspace/8-2-build-macosx-x86_64/jdk8u31/2394/hotspot/src/share/vm/prims/jvm.cpp, line 1312]
Event: 0.289 Thread 0x00007fd7eb104800 Exception <a 'java/security/PrivilegedActionException'> (0x0000000795ad8c58) thrown at [/Users/java_re/workspace/8-2-build-macosx-x86_64/jdk8u31/2394/hotspot/src/share/vm/prims/jvm.cpp, line 1312]
Event: 0.289 Thread 0x00007fd7eb104800 Exception <a 'java/security/PrivilegedActionException'> (0x0000000795ad8e10) thrown at [/Users/java_re/workspace/8-2-build-macosx-x86_64/jdk8u31/2394/hotspot/src/share/vm/prims/jvm.cpp, line 1312]
Event: 0.290 Thread 0x00007fd7eb104800 Exception <a 'java/lang/NullPointerException'> (0x0000000795ada728) thrown at [/Users/java_re/workspace/8-2-build-macosx-x86_64/jdk8u31/2394/hotspot/src/share/vm/interpreter/linkResolver.cpp, line 1178]
Event: 0.615 Thread 0x00007fd7ec112000 Exception <a 'java/lang/reflect/InvocationTargetException'> (0x0000000795e4f018) thrown at [/Users/java_re/workspace/8-2-build-macosx-x86_64/jdk8u31/2394/hotspot/src/share/vm/runtime/reflection.cpp, line 1080]
Event: 0.623 Thread 0x00007fd7eb806800 Exception <a 'java/lang/reflect/InvocationTargetException'> (0x0000000795a50398) thrown at [/Users/java_re/workspace/8-2-build-macosx-x86_64/jdk8u31/2394/hotspot/src/share/vm/runtime/reflection.cpp, line 1080]

Events (10 events):
Event: 0.623 loading class java/util/IdentityHashMap$KeySet
Event: 0.623 loading class java/util/IdentityHashMap$KeySet done
Event: 0.624 Thread 0x00007fd7eb806800 Thread exited: 0x00007fd7eb806800
Event: 0.625 Thread 0x00007fd7eb104800 Thread added: 0x00007fd7eb104800
Event: 0.627 Thread 0x00007fd7ec112000 Thread exited: 0x00007fd7ec112000
Event: 0.627 loading class java/util/IdentityHashMap$KeyIterator
Event: 0.627 loading class java/util/IdentityHashMap$IdentityHashMapIterator
Event: 0.627 loading class java/util/IdentityHashMap$IdentityHashMapIterator done
Event: 0.627 loading class java/util/IdentityHashMap$KeyIterator done
Event: 0.627 Thread 0x00007fd7eb104800 Thread exited: 0x00007fd7eb104800


Dynamic libraries:
0x000000000939d000 	/System/Library/Frameworks/Cocoa.framework/Versions/A/Cocoa
0x000000000939d000 	/System/Library/Frameworks/Security.framework/Versions/A/Security
0x000000000939d000 	/System/Library/Frameworks/ApplicationServices.framework/Versions/A/ApplicationServices
0x000000000939d000 	/usr/lib/libz.1.dylib
0x000000000939d000 	/usr/lib/libSystem.B.dylib
0x000000000939d000 	/usr/lib/libobjc.A.dylib
0x000000000939d000 	/System/Library/Frameworks/CoreFoundation.framework/Versions/A/CoreFoundation
0x000000000939d000 	/System/Library/Frameworks/Foundation.framework/Versions/C/Foundation
0x000000000939d000 	/System/Library/Frameworks/AppKit.framework/Versions/C/AppKit
0x000000000939d000 	/System/Library/Frameworks/CoreData.framework/Versions/A/CoreData
0x000000000939d000 	/System/Library/PrivateFrameworks/RemoteViewServices.framework/Versions/A/RemoteViewServices
0x000000000939d000 	/System/Library/PrivateFrameworks/UIFoundation.framework/Versions/A/UIFoundation
0x000000000939d000 	/System/Library/Frameworks/IOSurface.framework/Versions/A/IOSurface
0x000000000939d000 	/System/Library/Frameworks/AudioToolbox.framework/Versions/A/AudioToolbox
0x000000000939d000 	/System/Library/Frameworks/AudioUnit.framework/Versions/A/AudioUnit
0x000000000939d000 	/System/Library/PrivateFrameworks/DataDetectorsCore.framework/Versions/A/DataDetectorsCore
0x000000000939d000 	/System/Library/PrivateFrameworks/DesktopServicesPriv.framework/Versions/A/DesktopServicesPriv
0x000000000939d000 	/System/Library/Frameworks/Carbon.framework/Versions/A/Frameworks/HIToolbox.framework/Versions/A/HIToolbox
0x000000000939d000 	/System/Library/Frameworks/QuartzCore.framework/Versions/A/QuartzCore
0x000000000939d000 	/System/Library/Frameworks/Carbon.framework/Versions/A/Frameworks/SpeechRecognition.framework/Versions/A/SpeechRecognition
0x000000000939d000 	/usr/lib/libauto.dylib
0x000000000939d000 	/usr/lib/libicucore.A.dylib
0x000000000939d000 	/usr/lib/libxml2.2.dylib
0x000000000939d000 	/System/Library/PrivateFrameworks/CoreUI.framework/Versions/A/CoreUI
0x000000000939d000 	/System/Library/Frameworks/CoreAudio.framework/Versions/A/CoreAudio
0x000000000939d000 	/System/Library/Frameworks/DiskArbitration.framework/Versions/A/DiskArbitration
0x000000000939d000 	/usr/lib/liblangid.dylib
0x000000000939d000 	/System/Library/PrivateFrameworks/MultitouchSupport.framework/Versions/A/MultitouchSupport
0x000000000939d000 	/System/Library/Frameworks/IOKit.framework/Versions/A/IOKit
0x000000000939d000 	/usr/lib/libDiagnosticMessagesClient.dylib
0x000000000939d000 	/System/Library/Frameworks/CoreServices.framework/Versions/A/CoreServices
0x000000000939d000 	/System/Library/PrivateFrameworks/PerformanceAnalysis.framework/Versions/A/PerformanceAnalysis
0x000000000939d000 	/System/Library/PrivateFrameworks/GenerationalStorage.framework/Versions/A/GenerationalStorage
0x000000000939d000 	/System/Library/Frameworks/OpenGL.framework/Versions/A/OpenGL
0x000000000939d000 	/System/Library/PrivateFrameworks/Sharing.framework/Versions/A/Sharing
0x000000000939d000 	/System/Library/Frameworks/CoreGraphics.framework/Versions/A/CoreGraphics
0x000000000939d000 	/System/Library/Frameworks/CoreText.framework/Versions/A/CoreText
0x000000000939d000 	/System/Library/Frameworks/ImageIO.framework/Versions/A/ImageIO
0x000000000939d000 	/usr/lib/libextension.dylib
0x000000000939d000 	/System/Library/PrivateFrameworks/Backup.framework/Versions/A/Backup
0x000000000939d000 	/usr/lib/libarchive.2.dylib
0x000000000939d000 	/System/Library/Frameworks/CFNetwork.framework/Versions/A/CFNetwork
0x000000000939d000 	/System/Library/Frameworks/SystemConfiguration.framework/Versions/A/SystemConfiguration
0x000000000939d000 	/usr/lib/libCRFSuite.dylib
0x000000000939d000 	/usr/lib/libc++.1.dylib
0x000000000939d000 	/usr/lib/libc++abi.dylib
0x000000000939d000 	/usr/lib/system/libcache.dylib
0x000000000939d000 	/usr/lib/system/libcommonCrypto.dylib
0x000000000939d000 	/usr/lib/system/libcompiler_rt.dylib
0x000000000939d000 	/usr/lib/system/libcopyfile.dylib
0x000000000939d000 	/usr/lib/system/libcorecrypto.dylib
0x000000000939d000 	/usr/lib/system/libdispatch.dylib
0x000000000939d000 	/usr/lib/system/libdyld.dylib
0x000000000939d000 	/usr/lib/system/libkeymgr.dylib
0x000000000939d000 	/usr/lib/system/liblaunch.dylib
0x000000000939d000 	/usr/lib/system/libmacho.dylib
0x000000000939d000 	/usr/lib/system/libquarantine.dylib
0x000000000939d000 	/usr/lib/system/libremovefile.dylib
0x000000000939d000 	/usr/lib/system/libsystem_asl.dylib
0x000000000939d000 	/usr/lib/system/libsystem_blocks.dylib
0x000000000939d000 	/usr/lib/system/libsystem_c.dylib
0x000000000939d000 	/usr/lib/system/libsystem_configuration.dylib
0x000000000939d000 	/usr/lib/system/libsystem_coreservices.dylib
0x000000000939d000 	/usr/lib/system/libsystem_coretls.dylib
0x000000000939d000 	/usr/lib/system/libsystem_dnssd.dylib
0x000000000939d000 	/usr/lib/system/libsystem_info.dylib
0x000000000939d000 	/usr/lib/system/libsystem_kernel.dylib
0x000000000939d000 	/usr/lib/system/libsystem_m.dylib
0x000000000939d000 	/usr/lib/system/libsystem_malloc.dylib
0x000000000939d000 	/usr/lib/system/libsystem_network.dylib
0x000000000939d000 	/usr/lib/system/libsystem_networkextension.dylib
0x000000000939d000 	/usr/lib/system/libsystem_notify.dylib
0x000000000939d000 	/usr/lib/system/libsystem_platform.dylib
0x000000000939d000 	/usr/lib/system/libsystem_pthread.dylib
0x000000000939d000 	/usr/lib/system/libsystem_sandbox.dylib
0x000000000939d000 	/usr/lib/system/libsystem_secinit.dylib
0x000000000939d000 	/usr/lib/system/libsystem_stats.dylib
0x000000000939d000 	/usr/lib/system/libsystem_trace.dylib
0x000000000939d000 	/usr/lib/system/libunc.dylib
0x000000000939d000 	/usr/lib/system/libunwind.dylib
0x000000000939d000 	/usr/lib/system/libxpc.dylib
0x000000000939d000 	/usr/lib/libbz2.1.0.dylib
0x000000000939d000 	/usr/lib/liblzma.5.dylib
0x000000000939d000 	/usr/lib/libbsm.0.dylib
0x000000000939d000 	/usr/lib/libsqlite3.dylib
0x000000000939d000 	/usr/lib/system/libkxld.dylib
0x000000000939d000 	/usr/lib/libxar.1.dylib
0x000000000939d000 	/usr/lib/libpam.2.dylib
0x000000000939d000 	/usr/lib/libOpenScriptingUtil.dylib
0x000000000939d000 	/System/Library/Frameworks/CoreServices.framework/Versions/A/Frameworks/FSEvents.framework/Versions/A/FSEvents
0x000000000939d000 	/System/Library/Frameworks/CoreServices.framework/Versions/A/Frameworks/CarbonCore.framework/Versions/A/CarbonCore
0x000000000939d000 	/System/Library/Frameworks/CoreServices.framework/Versions/A/Frameworks/Metadata.framework/Versions/A/Metadata
0x000000000939d000 	/System/Library/Frameworks/CoreServices.framework/Versions/A/Frameworks/OSServices.framework/Versions/A/OSServices
0x000000000939d000 	/System/Library/Frameworks/CoreServices.framework/Versions/A/Frameworks/SearchKit.framework/Versions/A/SearchKit
0x000000000939d000 	/System/Library/Frameworks/CoreServices.framework/Versions/A/Frameworks/AE.framework/Versions/A/AE
0x000000000939d000 	/System/Library/Frameworks/CoreServices.framework/Versions/A/Frameworks/LaunchServices.framework/Versions/A/LaunchServices
0x000000000939d000 	/System/Library/Frameworks/CoreServices.framework/Versions/A/Frameworks/DictionaryServices.framework/Versions/A/DictionaryServices
0x000000000939d000 	/System/Library/Frameworks/NetFS.framework/Versions/A/NetFS
0x000000000939d000 	/System/Library/PrivateFrameworks/NetAuth.framework/Versions/A/NetAuth
0x000000000939d000 	/System/Library/PrivateFrameworks/login.framework/Versions/A/Frameworks/loginsupport.framework/Versions/A/loginsupport
0x000000000939d000 	/System/Library/PrivateFrameworks/TCC.framework/Versions/A/TCC
0x000000000939d000 	/usr/lib/libmecabra.dylib
0x000000000939d000 	/System/Library/Frameworks/ApplicationServices.framework/Versions/A/Frameworks/ATS.framework/Versions/A/ATS
0x000000000939d000 	/System/Library/Frameworks/ApplicationServices.framework/Versions/A/Frameworks/ColorSync.framework/Versions/A/ColorSync
0x000000000939d000 	/System/Library/Frameworks/ApplicationServices.framework/Versions/A/Frameworks/HIServices.framework/Versions/A/HIServices
0x000000000939d000 	/System/Library/Frameworks/ApplicationServices.framework/Versions/A/Frameworks/LangAnalysis.framework/Versions/A/LangAnalysis
0x000000000939d000 	/System/Library/Frameworks/ApplicationServices.framework/Versions/A/Frameworks/PrintCore.framework/Versions/A/PrintCore
0x000000000939d000 	/System/Library/Frameworks/ApplicationServices.framework/Versions/A/Frameworks/QD.framework/Versions/A/QD
0x000000000939d000 	/System/Library/Frameworks/ApplicationServices.framework/Versions/A/Frameworks/SpeechSynthesis.framework/Versions/A/SpeechSynthesis
0x000000000939d000 	/System/Library/Frameworks/Accelerate.framework/Versions/A/Accelerate
0x000000000939d000 	/System/Library/Frameworks/Accelerate.framework/Versions/A/Frameworks/vImage.framework/Versions/A/vImage
0x000000000939d000 	/System/Library/Frameworks/Accelerate.framework/Versions/A/Frameworks/vecLib.framework/Versions/A/vecLib
0x000000000939d000 	/System/Library/Frameworks/Accelerate.framework/Versions/A/Frameworks/vecLib.framework/Versions/A/libvDSP.dylib
0x000000000939d000 	/System/Library/Frameworks/Accelerate.framework/Versions/A/Frameworks/vecLib.framework/Versions/A/libvMisc.dylib
0x000000000939d000 	/System/Library/Frameworks/Accelerate.framework/Versions/A/Frameworks/vecLib.framework/Versions/A/libLAPACK.dylib
0x000000000939d000 	/System/Library/Frameworks/Accelerate.framework/Versions/A/Frameworks/vecLib.framework/Versions/A/libBLAS.dylib
0x000000000939d000 	/System/Library/Frameworks/Accelerate.framework/Versions/A/Frameworks/vecLib.framework/Versions/A/libLinearAlgebra.dylib
0x000000000939d000 	/System/Library/Frameworks/ApplicationServices.framework/Versions/A/Frameworks/ATS.framework/Versions/A/Resources/libFontParser.dylib
0x000000000939d000 	/System/Library/Frameworks/ApplicationServices.framework/Versions/A/Frameworks/ATS.framework/Versions/A/Resources/libFontRegistry.dylib
0x000000000939d000 	/System/Library/PrivateFrameworks/AppleVPA.framework/Versions/A/AppleVPA
0x000000000939d000 	/System/Library/PrivateFrameworks/AppleJPEG.framework/Versions/A/AppleJPEG
0x000000000939d000 	/System/Library/Frameworks/ImageIO.framework/Versions/A/Resources/libJPEG.dylib
0x000000000939d000 	/System/Library/Frameworks/ImageIO.framework/Versions/A/Resources/libTIFF.dylib
0x000000000939d000 	/System/Library/Frameworks/ImageIO.framework/Versions/A/Resources/libPng.dylib
0x000000000939d000 	/System/Library/Frameworks/ImageIO.framework/Versions/A/Resources/libGIF.dylib
0x000000000939d000 	/System/Library/Frameworks/ImageIO.framework/Versions/A/Resources/libJP2.dylib
0x000000000939d000 	/System/Library/Frameworks/ImageIO.framework/Versions/A/Resources/libRadiance.dylib
0x000000000939d000 	/System/Library/Frameworks/CoreVideo.framework/Versions/A/CoreVideo
0x000000000939d000 	/System/Library/Frameworks/OpenGL.framework/Versions/A/Libraries/libGLU.dylib
0x000000000939d000 	/System/Library/Frameworks/OpenGL.framework/Versions/A/Libraries/libGFXShared.dylib
0x000000000939d000 	/System/Library/Frameworks/OpenGL.framework/Versions/A/Libraries/libGL.dylib
0x000000000939d000 	/System/Library/Frameworks/OpenGL.framework/Versions/A/Libraries/libGLImage.dylib
0x000000000939d000 	/System/Library/Frameworks/OpenGL.framework/Versions/A/Libraries/libCVMSPluginSupport.dylib
0x000000000939d000 	/System/Library/Frameworks/OpenGL.framework/Versions/A/Libraries/libCoreVMClient.dylib
0x000000000939d000 	/usr/lib/libcups.2.dylib
0x000000000939d000 	/System/Library/Frameworks/Kerberos.framework/Versions/A/Kerberos
0x000000000939d000 	/System/Library/Frameworks/GSS.framework/Versions/A/GSS
0x000000000939d000 	/usr/lib/libresolv.9.dylib
0x000000000939d000 	/usr/lib/libiconv.2.dylib
0x000000000939d000 	/System/Library/PrivateFrameworks/Heimdal.framework/Versions/A/Heimdal
0x000000000939d000 	/usr/lib/libheimdal-asn1.dylib
0x000000000939d000 	/System/Library/Frameworks/OpenDirectory.framework/Versions/A/OpenDirectory
0x000000000939d000 	/System/Library/PrivateFrameworks/CommonAuth.framework/Versions/A/CommonAuth
0x000000000939d000 	/System/Library/Frameworks/OpenDirectory.framework/Versions/A/Frameworks/CFOpenDirectory.framework/Versions/A/CFOpenDirectory
0x000000000939d000 	/System/Library/Frameworks/SecurityFoundation.framework/Versions/A/SecurityFoundation
0x000000000939d000 	/System/Library/PrivateFrameworks/LanguageModeling.framework/Versions/A/LanguageModeling
0x000000000939d000 	/usr/lib/libcmph.dylib
0x000000000939d000 	/System/Library/Frameworks/ServiceManagement.framework/Versions/A/ServiceManagement
0x000000000939d000 	/usr/lib/libxslt.1.dylib
0x000000000939d000 	/System/Library/Frameworks/Carbon.framework/Versions/A/Frameworks/Ink.framework/Versions/A/Ink
0x000000000939d000 	/System/Library/Frameworks/QuartzCore.framework/Versions/A/Frameworks/CoreImage.framework/Versions/A/CoreImage
0x000000000939d000 	/System/Library/PrivateFrameworks/CrashReporterSupport.framework/Versions/A/CrashReporterSupport
0x000000000939d000 	/System/Library/Frameworks/OpenCL.framework/Versions/A/OpenCL
0x000000000939d000 	/System/Library/PrivateFrameworks/FaceCore.framework/Versions/A/FaceCore
0x000000000939d000 	/System/Library/PrivateFrameworks/Ubiquity.framework/Versions/A/Ubiquity
0x000000000939d000 	/System/Library/PrivateFrameworks/IconServices.framework/Versions/A/IconServices
0x000000000939d000 	/System/Library/PrivateFrameworks/ChunkingLibrary.framework/Versions/A/ChunkingLibrary
0x000000000939d000 	/System/Library/PrivateFrameworks/Apple80211.framework/Versions/A/Apple80211
0x000000000939d000 	/System/Library/Frameworks/CoreWLAN.framework/Versions/A/CoreWLAN
0x000000000939d000 	/System/Library/Frameworks/IOBluetooth.framework/Versions/A/IOBluetooth
0x000000000939d000 	/System/Library/PrivateFrameworks/CoreWiFi.framework/Versions/A/CoreWiFi
0x000000000939d000 	/System/Library/Frameworks/CoreBluetooth.framework/Versions/A/CoreBluetooth
0x000000000939d000 	/System/Library/PrivateFrameworks/DebugSymbols.framework/Versions/A/DebugSymbols
0x000000000939d000 	/System/Library/PrivateFrameworks/CoreSymbolication.framework/Versions/A/CoreSymbolication
0x000000000939d000 	/System/Library/PrivateFrameworks/Symbolication.framework/Versions/A/Symbolication
0x000000000939d000 	/System/Library/PrivateFrameworks/SpeechRecognitionCore.framework/Versions/A/SpeechRecognitionCore
0x000000010b213000 	/Library/Java/JavaVirtualMachines/jdk1.8.0_31.jdk/Contents/Home/jre/lib/server/libjvm.dylib
0x000000000939d000 	/usr/lib/libstdc++.6.dylib
0x000000010c235000 	/Library/Java/JavaVirtualMachines/jdk1.8.0_31.jdk/Contents/Home/jre/lib/libverify.dylib
0x000000010c243000 	/Library/Java/JavaVirtualMachines/jdk1.8.0_31.jdk/Contents/Home/jre/lib/libjava.dylib
0x000000010c27f000 	/Library/Java/JavaVirtualMachines/jdk1.8.0_31.jdk/Contents/Home/jre/lib/libzip.dylib
0x00000001222fd000 	/System/Library/Frameworks/JavaVM.framework/Frameworks/JavaRuntimeSupport.framework/JavaRuntimeSupport
0x0000000122315000 	/System/Library/Frameworks/JavaVM.framework/Versions/A/Frameworks/JavaNativeFoundation.framework/Versions/A/JavaNativeFoundation
0x000000012232a000 	/System/Library/Frameworks/JavaVM.framework/Versions/A/JavaVM
0x000000000939d000 	/System/Library/Frameworks/Carbon.framework/Versions/A/Carbon
0x0000000122337000 	/System/Library/PrivateFrameworks/JavaLaunching.framework/Versions/A/JavaLaunching
0x000000000939d000 	/System/Library/Frameworks/Carbon.framework/Versions/A/Frameworks/CommonPanels.framework/Versions/A/CommonPanels
0x000000000939d000 	/System/Library/Frameworks/Carbon.framework/Versions/A/Frameworks/Help.framework/Versions/A/Help
0x000000000939d000 	/System/Library/Frameworks/Carbon.framework/Versions/A/Frameworks/ImageCapture.framework/Versions/A/ImageCapture
0x000000000939d000 	/System/Library/Frameworks/Carbon.framework/Versions/A/Frameworks/OpenScripting.framework/Versions/A/OpenScripting
0x000000000939d000 	/System/Library/Frameworks/Carbon.framework/Versions/A/Frameworks/Print.framework/Versions/A/Print
0x000000000939d000 	/System/Library/Frameworks/Carbon.framework/Versions/A/Frameworks/SecurityHI.framework/Versions/A/SecurityHI
0x00000001242a5000 	/Applications/IntelliJ IDEA 14.app/Contents/bin/libbreakgen64.jnilib
0x00000001243ab000 	/Library/Java/JavaVirtualMachines/jdk1.8.0_31.jdk/Contents/Home/jre/lib/libnet.dylib
0x000000012469c000 	/Library/Java/JavaVirtualMachines/jdk1.8.0_31.jdk/Contents/Home/jre/lib/libprism_es2.dylib
0x000000000939d000 	/System/Library/Frameworks/OpenGL.framework/Versions/A/Resources/GLEngine.bundle/GLEngine
0x000000000939d000 	/System/Library/Frameworks/OpenGL.framework/Versions/A/Libraries/libGLProgrammability.dylib
0x0000000000000000 	/System/Library/Extensions/AppleIntelHD4000GraphicsGLDriver.bundle/Contents/MacOS/AppleIntelHD4000GraphicsGLDriver
0x000000000939d000 	/System/Library/PrivateFrameworks/IOAccelerator.framework/Versions/A/IOAccelerator
0x000000000939d000 	/System/Library/PrivateFrameworks/GPUSupport.framework/Versions/A/Libraries/libGPUSupportMercury.dylib
0x000000000939d000 	/System/Library/Frameworks/OpenGL.framework/Versions/A/Resources/GLRendererFloat.bundle/GLRendererFloat
0x000000000939d000 	/System/Library/Frameworks/OpenCL.framework/Versions/A/Libraries/libcldcpuengine.dylib
0x000000000939d000 	/System/Library/PrivateFrameworks/DiskImages.framework/Versions/A/DiskImages
0x000000000939d000 	/System/Library/Frameworks/DiscRecording.framework/Versions/A/DiscRecording
0x000000000939d000 	/usr/lib/libcsfde.dylib
0x000000000939d000 	/usr/lib/libcurl.4.dylib
0x000000000939d000 	/System/Library/PrivateFrameworks/MediaKit.framework/Versions/A/MediaKit
0x000000000939d000 	/System/Library/PrivateFrameworks/ProtectedCloudStorage.framework/Versions/A/ProtectedCloudStorage
0x000000000939d000 	/usr/lib/libCoreStorage.dylib
0x000000000939d000 	/System/Library/PrivateFrameworks/EFILogin.framework/Versions/A/EFILogin
0x000000000939d000 	/usr/lib/libutil.dylib
0x000000000939d000 	/System/Library/PrivateFrameworks/FindMyDevice.framework/Versions/A/FindMyDevice
0x000000000939d000 	/System/Library/Frameworks/LDAP.framework/Versions/A/LDAP
0x000000000939d000 	/usr/lib/libsasl2.2.dylib
0x000000000939d000 	/System/Library/PrivateFrameworks/CoreDaemon.framework/Versions/B/CoreDaemon
0x000000000939d000 	/usr/lib/libcrypto.0.9.8.dylib
0x000000000939d000 	/System/Library/PrivateFrameworks/AppleSRP.framework/Versions/A/AppleSRP
0x000000000939d000 	/System/Library/PrivateFrameworks/TrustEvaluationAgent.framework/Versions/A/TrustEvaluationAgent
0x0000000124b48000 	/Library/Java/JavaVirtualMachines/jdk1.8.0_31.jdk/Contents/Home/jre/lib/libglass.dylib
0x000000000939d000 	/System/Library/PrivateFrameworks/CoreServicesInternal.framework/Versions/A/CoreServicesInternal
0x000000000939d000 	/System/Library/PrivateFrameworks/CloudDocs.framework/Versions/A/CloudDocs
0x000000000939d000 	/System/Library/PrivateFrameworks/CoreDuet.framework/Versions/A/CoreDuet
0x000000000939d000 	/System/Library/Frameworks/CloudKit.framework/Versions/A/CloudKit
0x000000000939d000 	/System/Library/PrivateFrameworks/ProtocolBuffer.framework/Versions/A/ProtocolBuffer
0x000000000939d000 	/System/Library/PrivateFrameworks/CoreDuetDaemonProtocol.framework/Versions/A/CoreDuetDaemonProtocol
0x000000000939d000 	/System/Library/PrivateFrameworks/CoreDuetDebugLogging.framework/Versions/A/CoreDuetDebugLogging
0x000000000939d000 	/System/Library/Frameworks/CoreLocation.framework/Versions/A/CoreLocation
0x000000000939d000 	/System/Library/Frameworks/Accounts.framework/Versions/A/Accounts
0x000000000939d000 	/System/Library/PrivateFrameworks/ApplePushService.framework/Versions/A/ApplePushService
0x000000000939d000 	/System/Library/PrivateFrameworks/GeoServices.framework/Versions/A/GeoServices
0x000000000939d000 	/System/Library/PrivateFrameworks/OAuth.framework/Versions/A/OAuth
0x000000000939d000 	/System/Library/Frameworks/CoreGraphics.framework/Versions/A/Resources/libCGCMS.A.dylib
0x000000000939d000 	/System/Library/CoreServices/RawCamera.bundle/Contents/MacOS/RawCamera
0x000000000939d000 	/System/Library/Frameworks/CoreGraphics.framework/Versions/A/Resources/libRIP.A.dylib
0x000000000939d000 	/System/Library/PrivateFrameworks/FamilyControls.framework/Versions/A/FamilyControls
0x000000000939d000 	/System/Library/PrivateFrameworks/CommerceKit.framework/Versions/A/Frameworks/CommerceCore.framework/Versions/A/CommerceCore
0x000000000939d000 	/System/Library/PrivateFrameworks/SystemAdministration.framework/Versions/A/SystemAdministration
0x000000000939d000 	/System/Library/PrivateFrameworks/AppContainer.framework/Versions/A/AppContainer
0x000000000939d000 	/System/Library/PrivateFrameworks/SecCodeWrapper.framework/Versions/A/SecCodeWrapper
0x000000000939d000 	/System/Library/Frameworks/DirectoryService.framework/Versions/A/DirectoryService
0x000000000939d000 	/System/Library/PrivateFrameworks/LoginUIKit.framework/Versions/A/Frameworks/LoginUICore.framework/Versions/A/LoginUICore
0x000000000939d000 	/usr/lib/libodfde.dylib

VM Arguments:
jvm_args: -Didea.launcher.port=7533 -Didea.launcher.bin.path=/Applications/IntelliJ IDEA 14.app/Contents/bin -Dfile.encoding=UTF-8 
java_command: com.intellij.rt.execution.application.AppMain BorderPaneClue
java_class_path (initial): /Library/Java/JavaVirtualMachines/jdk1.8.0_31.jdk/Contents/Home/lib/ant-javafx.jar:/Library/Java/JavaVirtualMachines/jdk1.8.0_31.jdk/Contents/Home/lib/dt.jar:/Library/Java/JavaVirtualMachines/jdk1.8.0_31.jdk/Contents/Home/lib/javafx-mx.jar:/Library/Java/JavaVirtualMachines/jdk1.8.0_31.jdk/Contents/Home/lib/jconsole.jar:/Library/Java/JavaVirtualMachines/jdk1.8.0_31.jdk/Contents/Home/lib/sa-jdi.jar:/Library/Java/JavaVirtualMachines/jdk1.8.0_31.jdk/Contents/Home/lib/tools.jar:/Library/Java/JavaVirtualMachines/jdk1.8.0_31.jdk/Contents/Home/jre/lib/charsets.jar:/Library/Java/JavaVirtualMachines/jdk1.8.0_31.jdk/Contents/Home/jre/lib/deploy.jar:/Library/Java/JavaVirtualMachines/jdk1.8.0_31.jdk/Contents/Home/jre/lib/javaws.jar:/Library/Java/JavaVirtualMachines/jdk1.8.0_31.jdk/Contents/Home/jre/lib/jce.jar:/Library/Java/JavaVirtualMachines/jdk1.8.0_31.jdk/Contents/Home/jre/lib/jfr.jar:/Library/Java/JavaVirtualMachines/jdk1.8.0_31.jdk/Contents/Home/jre/lib/jfxswt.jar:/Library/Java/JavaVirtualMachines/jdk1.8.0_31.jdk/Contents/Home/jre/lib/jsse.jar:/Library/Java/JavaVirtualMachines/jdk1.8.0_31.jdk/Contents/Home/jre/lib/management-agent.jar:/Library/Java/JavaVirtualMachines/jdk1.8.0_31.jdk/Contents/Home/jre/lib/plugin.jar:/Library/Java/JavaVirtualMachines/jdk1.8.0_31.jdk/Contents/Home/jre/lib/resources.jar:/Library/Java/JavaVirtualMachines/jdk1.8.0_31.jdk/Contents/Home/jre/lib/rt.jar:/Library/Java/JavaVirtualMachines/jdk1.8.0_31.jdk/Contents/Home/jre/lib/ext/cldrdata.jar:/Library/Java/JavaVirtualMachines/jdk1.8.0_31.jdk/Contents/Home/jre/lib/ext/dnsns.jar:/Library/Java/JavaVirtualMachines/jdk1.8.0_31.jdk/Contents/Home/jre/lib/ext/jfxrt.jar:/Library/Java/JavaVirtualMachines/jdk1.8.0_31.jdk/Contents/Home/jre/lib/ext/localedata.jar:/Library/Java/JavaVirtualMachines/jdk1.8.0_31.jdk/Contents/Home/jre/lib/ext/nashorn.jar:/Library/Java/JavaVirtualMachines/jdk1.8.0_31.jdk/Contents/Home/jre/lib/ext/sunec.jar:/Library/Java/JavaVirtualMachines/jdk1.8.0_31.jdk/C
Launcher Type: SUN_STANDARD

Environment Variables:
PATH=/Users/Stephanie/google-cloud-sdk/bin:/Library/Frameworks/Python.framework/Versions/3.4/bin:/usr/local/heroku/bin:/Library/Frameworks/Python.framework/Versions/3.4/bin:/opt/local/bin:/opt/local/sbin:/Library/Frameworks/Python.framework/Versions/2.7/bin:/usr/local/bin:/usr/bin:/bin:/usr/sbin:/sbin:/opt/X11/bin:/usr/texbin
SHELL=/bin/bash
DISPLAY=/private/tmp/com.apple.launchd.WmKy9PNTXH/org.macosforge.xquartz:0

Signal Handlers:
SIGSEGV: [libjvm.dylib+0x57a0e7], sa_mask[0]=11111111011111110111111111111111, sa_flags=SA_ONSTACK|SA_RESTART|SA_SIGINFO
SIGBUS: [libjvm.dylib+0x57a0e7], sa_mask[0]=11111111011111110111111111111111, sa_flags=SA_RESTART|SA_SIGINFO
SIGFPE: [libjvm.dylib+0x45af24], sa_mask[0]=11111111011111110111111111111111, sa_flags=SA_RESTART|SA_SIGINFO
SIGPIPE: [libjvm.dylib+0x45af24], sa_mask[0]=11111111011111110111111111111111, sa_flags=SA_RESTART|SA_SIGINFO
SIGXFSZ: [libjvm.dylib+0x45af24], sa_mask[0]=11111111011111110111111111111111, sa_flags=SA_RESTART|SA_SIGINFO
SIGILL: [libjvm.dylib+0x45af24], sa_mask[0]=11111111011111110111111111111111, sa_flags=SA_RESTART|SA_SIGINFO
SIGUSR1: SIG_DFL, sa_mask[0]=00000000000000000000000000000000, sa_flags=none
SIGUSR2: [libjvm.dylib+0x45aa42], sa_mask[0]=00100000000000000000000000000000, sa_flags=SA_RESTART|SA_SIGINFO
SIGHUP: [libjvm.dylib+0x459015], sa_mask[0]=11111111011111110111111111111111, sa_flags=SA_RESTART|SA_SIGINFO
SIGINT: [libjvm.dylib+0x459015], sa_mask[0]=11111111011111110111111111111111, sa_flags=SA_RESTART|SA_SIGINFO
SIGTERM: [libjvm.dylib+0x459015], sa_mask[0]=11111111011111110111111111111111, sa_flags=SA_RESTART|SA_SIGINFO
SIGQUIT: [libjvm.dylib+0x459015], sa_mask[0]=11111111011111110111111111111111, sa_flags=SA_RESTART|SA_SIGINFO


---------------  S Y S T E M  ---------------

OS:Bsduname:Darwin 14.1.0 Darwin Kernel Version 14.1.0: Thu Feb 26 19:26:47 PST 2015; root:xnu-2782.10.73~1/RELEASE_X86_64 x86_64
rlimit: STACK 8192k, CORE 0k, NPROC 709, NOFILE 10240, AS infinity
load average:2.41 2.29 2.23

CPU:total 4 (2 cores per cpu, 2 threads per core) family 6 model 58 stepping 9, cmov, cx8, fxsr, mmx, sse, sse2, sse3, ssse3, sse4.1, sse4.2, popcnt, avx, aes, clmul, erms, ht, tsc, tscinvbit, tscinv

Memory: 4k page, physical 8388608k(1390008k free)

/proc/meminfo:


vm_info: Java HotSpot(TM) 64-Bit Server VM (25.31-b07) for bsd-amd64 JRE (1.8.0_31-b13), built on Dec 17 2014 20:45:36 by "java_re" with gcc 4.2.1 (Based on Apple Inc. build 5658) (LLVM build 2336.11.00)

time: Tue Apr 14 12:34:00 2015
elapsed time: 0 seconds (0d 0h 0m 0s)

